[07:11:47] [main/INFO]: Environment: authHost='https://authserver.mojang.com', accountsHost='https://api.mojang.com', sessionHost='https://sessionserver.mojang.com', servicesHost='https://api.minecraftservices.com', name='PROD'
[07:11:47] [main/INFO]: Reloading ResourceManager: Default, bukkit
[07:11:48] [Worker-Main-5/INFO]: Loaded 7 recipes
[07:11:51] [Server thread/INFO]: Starting minecraft server version 1.16.5
[07:11:51] [Server thread/INFO]: Loading properties
[07:11:52] [Server thread/INFO]: This server is running CraftBukkit version 3042-Spigot-a25e8ed-3512408 (MC: 1.16.5) (Implementing API version 1.16.5-R0.1-SNAPSHOT)
[07:11:52] [Server thread/INFO]: Debug logging is disabled
[07:11:52] [Server thread/INFO]: Server Ping Player Sample Count: 12
[07:11:52] [Server thread/INFO]: Using 4 threads for Netty based IO
[07:11:52] [Server thread/INFO]: Default game type: CREATIVE
[07:11:52] [Server thread/INFO]: Generating keypair
[07:11:53] [Server thread/INFO]: Starting Minecraft server on *:25565
[07:11:53] [Server thread/INFO]: Using epoll channel type
[07:11:53] [Server thread/WARN]: **** SERVER IS RUNNING IN OFFLINE/INSECURE MODE!
[07:11:53] [Server thread/WARN]: The server will make no attempt to authenticate usernames. Beware.
[07:11:53] [Server thread/WARN]: While this makes the game possible to play without internet access, it also opens up the ability for hackers to connect with any username they choose.
[07:11:53] [Server thread/WARN]: To change this, set "online-mode" to "true" in the server.properties file.
[07:11:53] [Server thread/INFO]: Preparing level "world"
[07:11:53] [Server thread/INFO]: -------- World Settings For [world] --------
[07:11:53] [Server thread/INFO]: Experience Merge Radius: 3.0
[07:11:53] [Server thread/INFO]: Mob Spawn Range: 6
[07:11:53] [Server thread/INFO]: Entity Activation Range: An 32 / Mo 32 / Ra 48 / Mi 16 / Tiv true
[07:11:53] [Server thread/INFO]: Cactus Growth Modifier: 100%
[07:11:53] [Server thread/INFO]: Cane Growth Modifier: 100%
[07:11:53] [Server thread/INFO]: Melon Growth Modifier: 100%
[07:11:53] [Server thread/INFO]: Mushroom Growth Modifier: 100%
[07:11:53] [Server thread/INFO]: Pumpkin Growth Modifier: 100%
[07:11:53] [Server thread/INFO]: Sapling Growth Modifier: 100%
[07:11:53] [Server thread/INFO]: Beetroot Growth Modifier: 100%
[07:11:53] [Server thread/INFO]: Carrot Growth Modifier: 100%
[07:11:53] [Server thread/INFO]: Potato Growth Modifier: 100%
[07:11:53] [Server thread/INFO]: Wheat Growth Modifier: 100%
[07:11:53] [Server thread/INFO]: NetherWart Growth Modifier: 100%
[07:11:53] [Server thread/INFO]: Vine Growth Modifier: 100%
[07:11:53] [Server thread/INFO]: Cocoa Growth Modifier: 100%
[07:11:53] [Server thread/INFO]: Bamboo Growth Modifier: 100%
[07:11:53] [Server thread/INFO]: SweetBerry Growth Modifier: 100%
[07:11:53] [Server thread/INFO]: Kelp Growth Modifier: 100%
[07:11:53] [Server thread/INFO]: Hopper Transfer: 8 Hopper Check: 1 Hopper Amount: 1
[07:11:53] [Server thread/INFO]: Custom Map Seeds:  Village: 10387312 Desert: 14357617 Igloo: 14357618 Jungle: 14357619 Swamp: 14357620 Monument: 10387313 Ocean: 14357621 Shipwreck: 165745295 End City: 10387313 Slime: 987234911 Bastion: 30084232 Fortress: 30084232 Mansion: 10387319 Fossil: 14357921 Portal: 34222645
[07:11:53] [Server thread/INFO]: Max TNT Explosions: 100
[07:11:53] [Server thread/INFO]: Tile Max Tick Time: 50ms Entity max Tick Time: 50ms
[07:11:53] [Server thread/INFO]: Entity Tracking Range: Pl 48 / An 48 / Mo 48 / Mi 32 / Other 64
[07:11:53] [Server thread/INFO]: Allow Zombie Pigmen to spawn from portal blocks: true
[07:11:53] [Server thread/INFO]: Item Despawn Rate: 6000
[07:11:53] [Server thread/INFO]: Item Merge Radius: 2.5
[07:11:53] [Server thread/INFO]: View Distance: 10
[07:11:53] [Server thread/INFO]: Arrow Despawn Rate: 1200 Trident Respawn Rate:1200
[07:11:53] [Server thread/INFO]: Zombie Aggressive Towards Villager: true
[07:11:53] [Server thread/INFO]: Nerfing mobs spawned from spawners: false
[07:11:54] [Server thread/INFO]: -------- World Settings For [world_nether] --------
[07:11:54] [Server thread/INFO]: Experience Merge Radius: 3.0
[07:11:54] [Server thread/INFO]: Mob Spawn Range: 6
[07:11:54] [Server thread/INFO]: Entity Activation Range: An 32 / Mo 32 / Ra 48 / Mi 16 / Tiv true
[07:11:54] [Server thread/INFO]: Cactus Growth Modifier: 100%
[07:11:54] [Server thread/INFO]: Cane Growth Modifier: 100%
[07:11:54] [Server thread/INFO]: Melon Growth Modifier: 100%
[07:11:54] [Server thread/INFO]: Mushroom Growth Modifier: 100%
[07:11:54] [Server thread/INFO]: Pumpkin Growth Modifier: 100%
[07:11:54] [Server thread/INFO]: Sapling Growth Modifier: 100%
[07:11:54] [Server thread/INFO]: Beetroot Growth Modifier: 100%
[07:11:54] [Server thread/INFO]: Carrot Growth Modifier: 100%
[07:11:54] [Server thread/INFO]: Potato Growth Modifier: 100%
[07:11:54] [Server thread/INFO]: Wheat Growth Modifier: 100%
[07:11:54] [Server thread/INFO]: NetherWart Growth Modifier: 100%
[07:11:54] [Server thread/INFO]: Vine Growth Modifier: 100%
[07:11:54] [Server thread/INFO]: Cocoa Growth Modifier: 100%
[07:11:54] [Server thread/INFO]: Bamboo Growth Modifier: 100%
[07:11:54] [Server thread/INFO]: SweetBerry Growth Modifier: 100%
[07:11:54] [Server thread/INFO]: Kelp Growth Modifier: 100%
[07:11:54] [Server thread/INFO]: Hopper Transfer: 8 Hopper Check: 1 Hopper Amount: 1
[07:11:54] [Server thread/INFO]: Custom Map Seeds:  Village: 10387312 Desert: 14357617 Igloo: 14357618 Jungle: 14357619 Swamp: 14357620 Monument: 10387313 Ocean: 14357621 Shipwreck: 165745295 End City: 10387313 Slime: 987234911 Bastion: 30084232 Fortress: 30084232 Mansion: 10387319 Fossil: 14357921 Portal: 34222645
[07:11:54] [Server thread/INFO]: Max TNT Explosions: 100
[07:11:54] [Server thread/INFO]: Tile Max Tick Time: 50ms Entity max Tick Time: 50ms
[07:11:54] [Server thread/INFO]: Entity Tracking Range: Pl 48 / An 48 / Mo 48 / Mi 32 / Other 64
[07:11:54] [Server thread/INFO]: Allow Zombie Pigmen to spawn from portal blocks: true
[07:11:54] [Server thread/INFO]: Item Despawn Rate: 6000
[07:11:54] [Server thread/INFO]: Item Merge Radius: 2.5
[07:11:54] [Server thread/INFO]: View Distance: 10
[07:11:54] [Server thread/INFO]: Arrow Despawn Rate: 1200 Trident Respawn Rate:1200
[07:11:54] [Server thread/INFO]: Zombie Aggressive Towards Villager: true
[07:11:54] [Server thread/INFO]: Nerfing mobs spawned from spawners: false
[07:11:54] [Server thread/INFO]: -------- World Settings For [world_the_end] --------
[07:11:54] [Server thread/INFO]: Experience Merge Radius: 3.0
[07:11:54] [Server thread/INFO]: Mob Spawn Range: 6
[07:11:54] [Server thread/INFO]: Entity Activation Range: An 32 / Mo 32 / Ra 48 / Mi 16 / Tiv true
[07:11:54] [Server thread/INFO]: Cactus Growth Modifier: 100%
[07:11:54] [Server thread/INFO]: Cane Growth Modifier: 100%
[07:11:54] [Server thread/INFO]: Melon Growth Modifier: 100%
[07:11:54] [Server thread/INFO]: Mushroom Growth Modifier: 100%
[07:11:54] [Server thread/INFO]: Pumpkin Growth Modifier: 100%
[07:11:54] [Server thread/INFO]: Sapling Growth Modifier: 100%
[07:11:54] [Server thread/INFO]: Beetroot Growth Modifier: 100%
[07:11:54] [Server thread/INFO]: Carrot Growth Modifier: 100%
[07:11:54] [Server thread/INFO]: Potato Growth Modifier: 100%
[07:11:54] [Server thread/INFO]: Wheat Growth Modifier: 100%
[07:11:54] [Server thread/INFO]: NetherWart Growth Modifier: 100%
[07:11:54] [Server thread/INFO]: Vine Growth Modifier: 100%
[07:11:54] [Server thread/INFO]: Cocoa Growth Modifier: 100%
[07:11:54] [Server thread/INFO]: Bamboo Growth Modifier: 100%
[07:11:54] [Server thread/INFO]: SweetBerry Growth Modifier: 100%
[07:11:54] [Server thread/INFO]: Kelp Growth Modifier: 100%
[07:11:54] [Server thread/INFO]: Hopper Transfer: 8 Hopper Check: 1 Hopper Amount: 1
[07:11:54] [Server thread/INFO]: Custom Map Seeds:  Village: 10387312 Desert: 14357617 Igloo: 14357618 Jungle: 14357619 Swamp: 14357620 Monument: 10387313 Ocean: 14357621 Shipwreck: 165745295 End City: 10387313 Slime: 987234911 Bastion: 30084232 Fortress: 30084232 Mansion: 10387319 Fossil: 14357921 Portal: 34222645
[07:11:54] [Server thread/INFO]: Max TNT Explosions: 100
[07:11:54] [Server thread/INFO]: Tile Max Tick Time: 50ms Entity max Tick Time: 50ms
[07:11:54] [Server thread/INFO]: Entity Tracking Range: Pl 48 / An 48 / Mo 48 / Mi 32 / Other 64
[07:11:54] [Server thread/INFO]: Allow Zombie Pigmen to spawn from portal blocks: true
[07:11:54] [Server thread/INFO]: Item Despawn Rate: 6000
[07:11:54] [Server thread/INFO]: Item Merge Radius: 2.5
[07:11:54] [Server thread/INFO]: View Distance: 10
[07:11:54] [Server thread/INFO]: Arrow Despawn Rate: 1200 Trident Respawn Rate:1200
[07:11:54] [Server thread/INFO]: Zombie Aggressive Towards Villager: true
[07:11:54] [Server thread/INFO]: Nerfing mobs spawned from spawners: false
[07:11:54] [Server thread/INFO]: Preparing start region for dimension minecraft:overworld
[07:11:56] [Server thread/INFO]: Preparing spawn area: 0%
[07:11:56] [Server thread/INFO]: Preparing spawn area: 0%
[07:11:56] [Server thread/INFO]: Preparing spawn area: 0%
[07:11:56] [Server thread/INFO]: Preparing spawn area: 0%
[07:11:56] [Server thread/INFO]: Preparing spawn area: 0%
[07:11:56] [Server thread/INFO]: Preparing spawn area: 0%
[07:11:57] [Server thread/INFO]: Preparing spawn area: 31%
[07:12:01] [Worker-Main-6/INFO]: Preparing spawn area: 83%
[07:12:01] [Worker-Main-4/INFO]: Preparing spawn area: 83%
[07:12:01] [Worker-Main-6/INFO]: Preparing spawn area: 83%
[07:12:01] [Worker-Main-4/INFO]: Preparing spawn area: 83%
[07:12:01] [Worker-Main-6/INFO]: Preparing spawn area: 83%
[07:12:01] [Worker-Main-6/INFO]: Preparing spawn area: 83%
[07:12:01] [Worker-Main-4/INFO]: Preparing spawn area: 83%
[07:12:01] [Worker-Main-6/INFO]: Preparing spawn area: 83%
[07:12:01] [Worker-Main-7/INFO]: Preparing spawn area: 91%
[07:12:02] [Worker-Main-6/INFO]: Preparing spawn area: 91%
[07:12:02] [Worker-Main-7/INFO]: Preparing spawn area: 91%
[07:12:03] [Worker-Main-4/INFO]: Preparing spawn area: 91%
[07:12:03] [Worker-Main-4/INFO]: Preparing spawn area: 91%
[07:12:04] [Worker-Main-4/INFO]: Preparing spawn area: 91%
[07:12:04] [Worker-Main-7/INFO]: Preparing spawn area: 92%
[07:12:05] [Server thread/INFO]: Preparing spawn area: 93%
[07:12:05] [Worker-Main-6/INFO]: Preparing spawn area: 95%
[07:12:06] [Server thread/INFO]: Preparing spawn area: 98%
[07:12:06] [Server thread/INFO]: Time elapsed: 12304 ms
[07:12:06] [Server thread/INFO]: Preparing start region for dimension minecraft:the_nether
[07:12:07] [Server thread/INFO]: Preparing spawn area: 0%
[07:12:07] [Server thread/INFO]: Preparing spawn area: 0%
[07:12:07] [Server thread/INFO]: Preparing spawn area: 0%
[07:12:08] [Worker-Main-6/INFO]: Preparing spawn area: 1%
[07:12:08] [Worker-Main-6/INFO]: Preparing spawn area: 83%
[07:12:09] [Worker-Main-6/INFO]: Preparing spawn area: 83%
[07:12:09] [Worker-Main-7/INFO]: Preparing spawn area: 83%
[07:12:10] [Worker-Main-7/INFO]: Preparing spawn area: 83%
[07:12:10] [Worker-Main-4/INFO]: Preparing spawn area: 83%
[07:12:11] [Worker-Main-7/INFO]: Preparing spawn area: 83%
[07:12:11] [Worker-Main-6/INFO]: Preparing spawn area: 83%
[07:12:12] [Worker-Main-4/INFO]: Preparing spawn area: 85%
[07:12:12] [Worker-Main-6/INFO]: Preparing spawn area: 88%
[07:12:13] [Worker-Main-4/INFO]: Preparing spawn area: 90%
[07:12:13] [Worker-Main-6/INFO]: Preparing spawn area: 96%
[07:12:14] [Server thread/INFO]: Time elapsed: 7427 ms
[07:12:14] [Server thread/INFO]: Preparing start region for dimension minecraft:the_end
[07:12:14] [Server thread/INFO]: Preparing spawn area: 0%
[07:12:14] [Server thread/INFO]: Preparing spawn area: 0%
[07:12:15] [Worker-Main-7/INFO]: Preparing spawn area: 83%
[07:12:15] [Worker-Main-7/INFO]: Preparing spawn area: 90%
[07:12:15] [Server thread/INFO]: Time elapsed: 1672 ms
[07:12:15] [Server thread/INFO]: Server permissions file permissions.yml is empty, ignoring it
[07:12:15] [Server thread/INFO]: Done (22.070s)! For help, type "help"
[07:12:26] [Thread-3/INFO]: Stopping server
[07:12:26] [Thread-3/INFO]: Saving players
